#
# A fatal error has been detected by the Java Runtime Environment:
#
#  Internal Error (postaloc.cpp:661), pid=7216, tid=7312
#  guarantee(def != NULL) failed: no disconnected nodes at this point
#
# JRE version: OpenJDK Runtime Environment (17.0.6) (build 17.0.6+0-b2043.56-10027231)
# Java VM: OpenJDK 64-Bit Server VM (17.0.6+0-b2043.56-10027231, mixed mode, tiered, compressed oops, compressed class ptrs, g1 gc, windows-amd64)
# No core dump will be written. Minidumps are not enabled by default on client versions of Windows
#
# If you would like to submit a bug report, please visit:
#   https://bugreport.java.com/bugreport/crash.jsp
#

---------------  S U M M A R Y ------------

Command Line: --add-opens=java.base/java.util=ALL-UNNAMED --add-opens=java.base/java.lang=ALL-UNNAMED --add-opens=java.base/java.lang.invoke=ALL-UNNAMED --add-opens=java.base/java.util=ALL-UNNAMED --add-opens=java.prefs/java.util.prefs=ALL-UNNAMED --add-opens=java.prefs/java.util.prefs=ALL-UNNAMED --add-opens=java.base/java.nio.charset=ALL-UNNAMED --add-opens=java.base/java.net=ALL-UNNAMED --add-opens=java.base/java.util.concurrent.atomic=ALL-UNNAMED -Xmx1536M -Dfile.encoding=windows-1252 -Duser.country=IN -Duser.language=en -Duser.variant org.gradle.launcher.daemon.bootstrap.GradleDaemon 7.5

Host: Intel(R) Core(TM) i3-1005G1 CPU @ 1.20GHz, 4 cores, 7G,  Windows 10 , 64 bit Build 19041 (10.0.19041.3393)
Time: Sun Sep 17 16:08:45 2023 India Standard Time elapsed time: 67.552777 seconds (0d 0h 1m 7s)

---------------  T H R E A D  ---------------

Current thread (0x00000183f9809860):  JavaThread "C2 CompilerThread0" daemon [_thread_in_native, id=7312, stack(0x0000001af4e00000,0x0000001af4f00000)]


Current CompileTask:
C2:  67552 10884       4       java.lang.reflect.Constructor::newInstance (34 bytes)

Stack: [0x0000001af4e00000,0x0000001af4f00000]
Native frames: (J=compiled Java code, j=interpreted, Vv=VM code, C=native code)
V  [jvm.dll+0x683c9a]
V  [jvm.dll+0x8427a4]
V  [jvm.dll+0x843f9e]
V  [jvm.dll+0x8445b7]
V  [jvm.dll+0x249aac]
V  [jvm.dll+0x6ad73e]
V  [jvm.dll+0x1bd184]
V  [jvm.dll+0x21c359]
V  [jvm.dll+0x21b621]
V  [jvm.dll+0x1a4fdd]
V  [jvm.dll+0x22b098]
V  [jvm.dll+0x229159]
V  [jvm.dll+0x7f81ec]
V  [jvm.dll+0x7f274a]
V  [jvm.dll+0x682ad5]
C  [ucrtbase.dll+0x21bb2]
C  [KERNEL32.DLL+0x17344]
C  [ntdll.dll+0x526b1]


---------------  P R O C E S S  ---------------

Threads class SMR info:
_java_thread_list=0x00000183fd049320, length=89, elements={
0x00000183efaeb620, 0x00000183f8c81250, 0x00000183f8c6ea50, 0x00000183f8cd2db0,
0x00000183f8cd5f90, 0x00000183f8cd8860, 0x00000183f9808460, 0x00000183f9809860,
0x00000183f980a160, 0x00000183f980fdb0, 0x00000183f9988fe0, 0x00000183f9996f80,
0x00000183fb0efa00, 0x00000183fb144c60, 0x00000183fc66e980, 0x00000183fc99edb0,
0x00000183fa87af70, 0x00000183fcdf7440, 0x00000183fbc87450, 0x00000183fa110c20,
0x00000183fa111f60, 0x00000183fa1115c0, 0x00000183fa111a90, 0x00000183fa113c40,
0x00000183fa1110f0, 0x00000183fa112dd0, 0x00000183fa1132a0, 0x00000183fa113770,
0x00000183fa112900, 0x00000183fa112430, 0x00000183fa114110, 0x00000183fa110750,
0x00000183fab50870, 0x00000183fab50d40, 0x00000183fab51210, 0x00000183fab51bb0,
0x00000183fab4e1f0, 0x00000183fab4fed0, 0x00000183fab4e6c0, 0x00000183fab4f530,
0x00000183fcedef50, 0x00000183fced98b0, 0x00000183fced8a40, 0x00000183fcedcda0,
0x00000183fcedabf0, 0x00000183fced8f10, 0x00000183fcedd270, 0x00000183fcedc400,
0x00000183fced93e0, 0x00000183fced9d80, 0x00000183fceda250, 0x00000183fcedbf30,
0x00000183fceda720, 0x00000183fcedb0c0, 0x00000183fcedf8f0, 0x00000183fced8570,
0x00000183fcedb590, 0x00000183fcedea80, 0x00000183fcedd740, 0x00000183fcedba60,
0x00000183fcedc8d0, 0x00000183fced80a0, 0x00000183fcedf420, 0x00000183fceddc10,
0x00000183fcede0e0, 0x00000183fcede5b0, 0x00000183fcf16400, 0x00000183fcf19420,
0x00000183fcf18f50, 0x00000183fcf138b0, 0x00000183fcf15f30, 0x00000183fcf18a80,
0x00000183fcf180e0, 0x00000183fcf14250, 0x00000183fcf12f10, 0x00000183fcf15a60,
0x00000183fcf15590, 0x00000183fcf168d0, 0x00000183fcf198f0, 0x00000183fcf185b0,
0x00000183fcf120a0, 0x00000183fcf16da0, 0x00000183fcf12570, 0x00000183fcf133e0,
0x00000183fcf17740, 0x00000183fcf14720, 0x00000183fcf14bf0, 0x00000183fcf12a40,
0x00000183fbee1a80
}

Java Threads: ( => current thread )
  0x00000183efaeb620 JavaThread "main" [_thread_blocked, id=12180, stack(0x0000001af4000000,0x0000001af4100000)]
  0x00000183f8c81250 JavaThread "Reference Handler" daemon [_thread_blocked, id=3260, stack(0x0000001af4800000,0x0000001af4900000)]
  0x00000183f8c6ea50 JavaThread "Finalizer" daemon [_thread_blocked, id=14324, stack(0x0000001af4900000,0x0000001af4a00000)]
  0x00000183f8cd2db0 JavaThread "Signal Dispatcher" daemon [_thread_blocked, id=14824, stack(0x0000001af4a00000,0x0000001af4b00000)]
  0x00000183f8cd5f90 JavaThread "Attach Listener" daemon [_thread_blocked, id=4708, stack(0x0000001af4b00000,0x0000001af4c00000)]
  0x00000183f8cd8860 JavaThread "Service Thread" daemon [_thread_blocked, id=13560, stack(0x0000001af4c00000,0x0000001af4d00000)]
  0x00000183f9808460 JavaThread "Monitor Deflation Thread" daemon [_thread_blocked, id=11684, stack(0x0000001af4d00000,0x0000001af4e00000)]
=>0x00000183f9809860 JavaThread "C2 CompilerThread0" daemon [_thread_in_native, id=7312, stack(0x0000001af4e00000,0x0000001af4f00000)]
  0x00000183f980a160 JavaThread "C1 CompilerThread0" daemon [_thread_blocked, id=1832, stack(0x0000001af4f00000,0x0000001af5000000)]
  0x00000183f980fdb0 JavaThread "Sweeper thread" daemon [_thread_blocked, id=9836, stack(0x0000001af5000000,0x0000001af5100000)]
  0x00000183f9988fe0 JavaThread "Common-Cleaner" daemon [_thread_blocked, id=1492, stack(0x0000001af5100000,0x0000001af5200000)]
  0x00000183f9996f80 JavaThread "Notification Thread" daemon [_thread_blocked, id=7516, stack(0x0000001af5200000,0x0000001af5300000)]
  0x00000183fb0efa00 JavaThread "Daemon health stats" [_thread_blocked, id=12720, stack(0x0000001af5800000,0x0000001af5900000)]
  0x00000183fb144c60 JavaThread "Incoming local TCP Connector on port 4846" [_thread_in_native, id=11780, stack(0x0000001af5700000,0x0000001af5800000)]
  0x00000183fc66e980 JavaThread "Daemon periodic checks" [_thread_blocked, id=5024, stack(0x0000001af5900000,0x0000001af5a00000)]
  0x00000183fc99edb0 JavaThread "Daemon" [_thread_blocked, id=10464, stack(0x0000001af5a00000,0x0000001af5b00000)]
  0x00000183fa87af70 JavaThread "Handler for socket connection from /127.0.0.1:4846 to /127.0.0.1:4847" [_thread_in_native, id=8440, stack(0x0000001af5b00000,0x0000001af5c00000)]
  0x00000183fcdf7440 JavaThread "Cancel handler" [_thread_blocked, id=13944, stack(0x0000001af5c00000,0x0000001af5d00000)]
  0x00000183fbc87450 JavaThread "Daemon worker" [_thread_in_vm, id=2596, stack(0x0000001af5d00000,0x0000001af5e00000)]
  0x00000183fa110c20 JavaThread "Asynchronous log dispatcher for DefaultDaemonConnection: socket connection from /127.0.0.1:4846 to /127.0.0.1:4847" [_thread_blocked, id=14300, stack(0x0000001af5e00000,0x0000001af5f00000)]
  0x00000183fa111f60 JavaThread "Stdin handler" [_thread_blocked, id=9944, stack(0x0000001af5f00000,0x0000001af6000000)]
  0x00000183fa1115c0 JavaThread "Daemon client event forwarder" [_thread_blocked, id=12140, stack(0x0000001af6000000,0x0000001af6100000)]
  0x00000183fa111a90 JavaThread "Cache worker for journal cache (C:\Users\micro\.gradle\caches\journal-1)" [_thread_blocked, id=2404, stack(0x0000001af6100000,0x0000001af6200000)]
  0x00000183fa113c40 JavaThread "File lock request listener" [_thread_in_native, id=2692, stack(0x0000001af6200000,0x0000001af6300000)]
  0x00000183fa1110f0 JavaThread "Cache worker for file hash cache (C:\Users\micro\.gradle\caches\7.5\fileHashes)" [_thread_blocked, id=2856, stack(0x0000001af6300000,0x0000001af6400000)]
  0x00000183fa112dd0 JavaThread "File watcher server" daemon [_thread_in_native, id=15304, stack(0x0000001af6400000,0x0000001af6500000)]
  0x00000183fa1132a0 JavaThread "File watcher consumer" daemon [_thread_blocked, id=13076, stack(0x0000001af6500000,0x0000001af6600000)]
  0x00000183fa113770 JavaThread "Cache worker for checksums cache (E:\cameraapp\android\.gradle\7.5\checksums)" [_thread_blocked, id=13604, stack(0x0000001af6600000,0x0000001af6700000)]
  0x00000183fa112900 JavaThread "Cache worker for cache directory md-rule (C:\Users\micro\.gradle\caches\7.5\md-rule)" [_thread_blocked, id=14176, stack(0x0000001af6700000,0x0000001af6800000)]
  0x00000183fa112430 JavaThread "Cache worker for file content cache (C:\Users\micro\.gradle\caches\7.5\fileContent)" [_thread_blocked, id=10996, stack(0x0000001af6800000,0x0000001af6900000)]
  0x00000183fa114110 JavaThread "File lock release action executor" [_thread_blocked, id=14024, stack(0x0000001af6900000,0x0000001af6a00000)]
  0x00000183fa110750 JavaThread "Cache worker for file hash cache (E:\cameraapp\android\.gradle\7.5\fileHashes)" [_thread_blocked, id=11852, stack(0x0000001af6a00000,0x0000001af6b00000)]
  0x00000183fab50870 JavaThread "Cache worker for cache directory md-supplier (C:\Users\micro\.gradle\caches\7.5\md-supplier)" [_thread_blocked, id=11464, stack(0x0000001af6b00000,0x0000001af6c00000)]
  0x00000183fab50d40 JavaThread "Cache worker for execution history cache (C:\Users\micro\.gradle\caches\7.5\executionHistory)" [_thread_blocked, id=9780, stack(0x0000001af6c00000,0x0000001af6d00000)]
  0x00000183fab51210 JavaThread "jar transforms" [_thread_blocked, id=6236, stack(0x0000001af6d00000,0x0000001af6e00000)]
  0x00000183fab51bb0 JavaThread "jar transforms Thread 2" [_thread_blocked, id=6956, stack(0x0000001af6e00000,0x0000001af6f00000)]
  0x00000183fab4e1f0 JavaThread "jar transforms Thread 3" [_thread_blocked, id=14260, stack(0x0000001af6f00000,0x0000001af7000000)]
  0x00000183fab4fed0 JavaThread "jar transforms Thread 4" [_thread_blocked, id=15336, stack(0x0000001af7000000,0x0000001af7100000)]
  0x00000183fab4e6c0 JavaThread "Cache worker for dependencies-accessors (E:\cameraapp\android\.gradle\7.5\dependencies-accessors)" [_thread_blocked, id=11756, stack(0x0000001af7100000,0x0000001af7200000)]
  0x00000183fab4f530 JavaThread "Cache worker for Build Output Cleanup Cache (E:\cameraapp\android\.gradle\buildOutputCleanup)" [_thread_blocked, id=13948, stack(0x0000001af7200000,0x0000001af7300000)]
  0x00000183fcedef50 JavaThread "Unconstrained build operations" [_thread_blocked, id=10420, stack(0x0000001af7300000,0x0000001af7400000)]
  0x00000183fced98b0 JavaThread "Unconstrained build operations Thread 2" [_thread_blocked, id=8256, stack(0x0000001af7400000,0x0000001af7500000)]
  0x00000183fced8a40 JavaThread "Unconstrained build operations Thread 3" [_thread_blocked, id=2620, stack(0x0000001af7500000,0x0000001af7600000)]
  0x00000183fcedcda0 JavaThread "Unconstrained build operations Thread 4" [_thread_blocked, id=8948, stack(0x0000001af7600000,0x0000001af7700000)]
  0x00000183fcedabf0 JavaThread "Unconstrained build operations Thread 5" [_thread_blocked, id=13284, stack(0x0000001af7700000,0x0000001af7800000)]
  0x00000183fced8f10 JavaThread "Unconstrained build operations Thread 6" [_thread_blocked, id=14600, stack(0x0000001af7800000,0x0000001af7900000)]
  0x00000183fcedd270 JavaThread "Unconstrained build operations Thread 7" [_thread_blocked, id=1508, stack(0x0000001af7900000,0x0000001af7a00000)]
  0x00000183fcedc400 JavaThread "Unconstrained build operations Thread 8" [_thread_blocked, id=9576, stack(0x0000001af7a00000,0x0000001af7b00000)]
  0x00000183fced93e0 JavaThread "Unconstrained build operations Thread 9" [_thread_blocked, id=5304, stack(0x0000001af7b00000,0x0000001af7c00000)]
  0x00000183fced9d80 JavaThread "Unconstrained build operations Thread 10" [_thread_blocked, id=9844, stack(0x0000001af7c00000,0x0000001af7d00000)]
  0x00000183fceda250 JavaThread "Unconstrained build operations Thread 11" [_thread_blocked, id=13168, stack(0x0000001af7d00000,0x0000001af7e00000)]
  0x00000183fcedbf30 JavaThread "Unconstrained build operations Thread 12" [_thread_blocked, id=3592, stack(0x0000001af7e00000,0x0000001af7f00000)]
  0x00000183fceda720 JavaThread "Unconstrained build operations Thread 13" [_thread_blocked, id=13184, stack(0x0000001af7f00000,0x0000001af8000000)]
  0x00000183fcedb0c0 JavaThread "Unconstrained build operations Thread 14" [_thread_blocked, id=10448, stack(0x0000001af8000000,0x0000001af8100000)]
  0x00000183fcedf8f0 JavaThread "Unconstrained build operations Thread 15" [_thread_blocked, id=9232, stack(0x0000001af8100000,0x0000001af8200000)]
  0x00000183fced8570 JavaThread "Unconstrained build operations Thread 16" [_thread_blocked, id=7384, stack(0x0000001af8200000,0x0000001af8300000)]
  0x00000183fcedb590 JavaThread "Unconstrained build operations Thread 17" [_thread_blocked, id=8932, stack(0x0000001af8300000,0x0000001af8400000)]
  0x00000183fcedea80 JavaThread "Unconstrained build operations Thread 18" [_thread_blocked, id=7184, stack(0x0000001af8400000,0x0000001af8500000)]
  0x00000183fcedd740 JavaThread "Unconstrained build operations Thread 19" [_thread_blocked, id=11600, stack(0x0000001af8500000,0x0000001af8600000)]
  0x00000183fcedba60 JavaThread "Unconstrained build operations Thread 20" [_thread_blocked, id=11568, stack(0x0000001af8600000,0x0000001af8700000)]
  0x00000183fcedc8d0 JavaThread "Unconstrained build operations Thread 21" [_thread_blocked, id=3324, stack(0x0000001af8700000,0x0000001af8800000)]
  0x00000183fced80a0 JavaThread "Unconstrained build operations Thread 22" [_thread_blocked, id=7036, stack(0x0000001af8800000,0x0000001af8900000)]
  0x00000183fcedf420 JavaThread "Unconstrained build operations Thread 23" [_thread_blocked, id=10560, stack(0x0000001af8900000,0x0000001af8a00000)]
  0x00000183fceddc10 JavaThread "Unconstrained build operations Thread 24" [_thread_blocked, id=9536, stack(0x0000001af8a00000,0x0000001af8b00000)]
  0x00000183fcede0e0 JavaThread "Unconstrained build operations Thread 25" [_thread_blocked, id=1920, stack(0x0000001af8b00000,0x0000001af8c00000)]
  0x00000183fcede5b0 JavaThread "Unconstrained build operations Thread 26" [_thread_blocked, id=13092, stack(0x0000001af8c00000,0x0000001af8d00000)]
  0x00000183fcf16400 JavaThread "Unconstrained build operations Thread 27" [_thread_blocked, id=1376, stack(0x0000001af8d00000,0x0000001af8e00000)]
  0x00000183fcf19420 JavaThread "Unconstrained build operations Thread 28" [_thread_blocked, id=620, stack(0x0000001af8e00000,0x0000001af8f00000)]
  0x00000183fcf18f50 JavaThread "Unconstrained build operations Thread 29" [_thread_blocked, id=2684, stack(0x0000001af8f00000,0x0000001af9000000)]
  0x00000183fcf138b0 JavaThread "Unconstrained build operations Thread 30" [_thread_blocked, id=2212, stack(0x0000001af9000000,0x0000001af9100000)]
  0x00000183fcf15f30 JavaThread "Unconstrained build operations Thread 31" [_thread_blocked, id=11080, stack(0x0000001af9100000,0x0000001af9200000)]
  0x00000183fcf18a80 JavaThread "Unconstrained build operations Thread 32" [_thread_blocked, id=6952, stack(0x0000001af9200000,0x0000001af9300000)]
  0x00000183fcf180e0 JavaThread "Unconstrained build operations Thread 33" [_thread_blocked, id=2268, stack(0x0000001af9300000,0x0000001af9400000)]
  0x00000183fcf14250 JavaThread "Unconstrained build operations Thread 34" [_thread_blocked, id=2892, stack(0x0000001af9400000,0x0000001af9500000)]
  0x00000183fcf12f10 JavaThread "Unconstrained build operations Thread 35" [_thread_blocked, id=5056, stack(0x0000001af9500000,0x0000001af9600000)]
  0x00000183fcf15a60 JavaThread "Unconstrained build operations Thread 36" [_thread_blocked, id=6396, stack(0x0000001af9600000,0x0000001af9700000)]
  0x00000183fcf15590 JavaThread "Unconstrained build operations Thread 37" [_thread_blocked, id=7000, stack(0x0000001af9700000,0x0000001af9800000)]
  0x00000183fcf168d0 JavaThread "Unconstrained build operations Thread 38" [_thread_blocked, id=7920, stack(0x0000001af9800000,0x0000001af9900000)]
  0x00000183fcf198f0 JavaThread "Unconstrained build operations Thread 39" [_thread_blocked, id=7140, stack(0x0000001af9900000,0x0000001af9a00000)]
  0x00000183fcf185b0 JavaThread "Unconstrained build operations Thread 40" [_thread_blocked, id=5292, stack(0x0000001af9a00000,0x0000001af9b00000)]
  0x00000183fcf120a0 JavaThread "Cache worker for kotlin-dsl (C:\Users\micro\.gradle\caches\7.5\kotlin-dsl)" [_thread_blocked, id=11180, stack(0x0000001af9b00000,0x0000001af9c00000)]
  0x00000183fcf16da0 JavaThread "Cache worker for Build Output Cleanup Cache (E:\extracted files\flutter\packages\flutter_tools\gradle\.gradle\buildOutputCleanup)" [_thread_blocked, id=4508, stack(0x0000001af9c00000,0x0000001af9d00000)]
  0x00000183fcf12570 JavaThread "Memory manager" [_thread_blocked, id=2680, stack(0x0000001af9d00000,0x0000001af9e00000)]
  0x00000183fcf133e0 JavaThread "included builds" [_thread_blocked, id=5716, stack(0x0000001af9e00000,0x0000001af9f00000)]
  0x00000183fcf17740 JavaThread "Execution worker" [_thread_blocked, id=13048, stack(0x0000001af9f00000,0x0000001afa000000)]
  0x00000183fcf14720 JavaThread "Execution worker Thread 2" [_thread_blocked, id=2248, stack(0x0000001afa000000,0x0000001afa100000)]
  0x00000183fcf14bf0 JavaThread "Execution worker Thread 3" [_thread_blocked, id=8996, stack(0x0000001afa100000,0x0000001afa200000)]
  0x00000183fcf12a40 JavaThread "Cache worker for execution history cache (E:\extracted files\flutter\packages\flutter_tools\gradle\.gradle\7.5\executionHistory)" [_thread_blocked, id=13820, stack(0x0000001afa200000,0x0000001afa300000)]
  0x00000183fbee1a80 JavaThread "C2 CompilerThread1" daemon [_thread_blocked, id=10200, stack(0x0000001af3f00000,0x0000001af4000000)]

Other Threads:
  0x00000183f8c7e740 VMThread "VM Thread" [stack: 0x0000001af4700000,0x0000001af4800000] [id=14136]
  0x00000183f9998460 WatcherThread [stack: 0x0000001af5300000,0x0000001af5400000] [id=13408]
  0x00000183efb36f20 GCTaskThread "GC Thread#0" [stack: 0x0000001af4200000,0x0000001af4300000] [id=7556]
  0x00000183f9bf3b50 GCTaskThread "GC Thread#1" [stack: 0x0000001af5500000,0x0000001af5600000] [id=13692]
  0x00000183fa052e40 GCTaskThread "GC Thread#2" [stack: 0x0000001af5600000,0x0000001af5700000] [id=8048]
  0x00000183fa51d930 GCTaskThread "GC Thread#3" [stack: 0x0000001af5400000,0x0000001af5500000] [id=7992]
  0x00000183efb44d80 ConcurrentGCThread "G1 Main Marker" [stack: 0x0000001af4300000,0x0000001af4400000] [id=9072]
  0x00000183efb456a0 ConcurrentGCThread "G1 Conc#0" [stack: 0x0000001af4400000,0x0000001af4500000] [id=248]
  0x00000183efbbcf20 ConcurrentGCThread "G1 Refine#0" [stack: 0x0000001af4500000,0x0000001af4600000] [id=804]
  0x00000183efbbd850 ConcurrentGCThread "G1 Service" [stack: 0x0000001af4600000,0x0000001af4700000] [id=5460]

Threads with active compile tasks:
C2 CompilerThread0    67605 10884       4       java.lang.reflect.Constructor::newInstance (34 bytes)

VM state: not at safepoint (normal execution)

VM Mutex/Monitor currently owned by a thread: None

Heap address: 0x00000000a0000000, size: 1536 MB, Compressed Oops mode: 32-bit

CDS archive(s) not mapped
Compressed class space mapped at: 0x0000000100000000-0x0000000140000000, reserved size: 1073741824
Narrow klass base: 0x0000000000000000, Narrow klass shift: 3, Narrow klass range: 0x140000000

GC Precious Log:
 CPUs: 4 total, 4 available
 Memory: 7997M
 Large Page Support: Disabled
 NUMA Support: Disabled
 Compressed Oops: Enabled (32-bit)
 Heap Region Size: 1M
 Heap Min Capacity: 8M
 Heap Initial Capacity: 126M
 Heap Max Capacity: 1536M
 Pre-touch: Disabled
 Parallel Workers: 4
 Concurrent Workers: 1
 Concurrent Refinement Workers: 4
 Periodic GC: Disabled

Heap:
 garbage-first heap   total 158720K, used 99034K [0x00000000a0000000, 0x0000000100000000)
  region size 1024K, 4 young (4096K), 3 survivors (3072K)
 Metaspace       used 96663K, committed 97472K, reserved 1138688K
  class space    used 13303K, committed 13632K, reserved 1048576K

Heap Regions: E=young(eden), S=young(survivor), O=old, HS=humongous(starts), HC=humongous(continues), CS=collection set, F=free, OA=open archive, CA=closed archive, TAMS=top-at-mark-start (previous, next)
|   0|0x00000000a0000000, 0x00000000a0100000, 0x00000000a0100000|100%|HS|  |TAMS 0x00000000a0100000, 0x00000000a0000000| Complete 
|   1|0x00000000a0100000, 0x00000000a0200000, 0x00000000a0200000|100%|HC|  |TAMS 0x00000000a0200000, 0x00000000a0100000| Complete 
|   2|0x00000000a0200000, 0x00000000a0300000, 0x00000000a0300000|100%|HC|  |TAMS 0x00000000a0300000, 0x00000000a0200000| Complete 
|   3|0x00000000a0300000, 0x00000000a0400000, 0x00000000a0400000|100%| O|  |TAMS 0x00000000a0400000, 0x00000000a0300000| Untracked 
|   4|0x00000000a0400000, 0x00000000a0500000, 0x00000000a0500000|100%| O|  |TAMS 0x00000000a0500000, 0x00000000a0400000| Untracked 
|   5|0x00000000a0500000, 0x00000000a0600000, 0x00000000a0600000|100%| O|  |TAMS 0x00000000a0600000, 0x00000000a0500000| Untracked 
|   6|0x00000000a0600000, 0x00000000a0700000, 0x00000000a0700000|100%| O|  |TAMS 0x00000000a0700000, 0x00000000a0600000| Untracked 
|   7|0x00000000a0700000, 0x00000000a0800000, 0x00000000a0800000|100%| O|  |TAMS 0x00000000a0800000, 0x00000000a0700000| Untracked 
|   8|0x00000000a0800000, 0x00000000a0900000, 0x00000000a0900000|100%| O|  |TAMS 0x00000000a0900000, 0x00000000a0800000| Untracked 
|   9|0x00000000a0900000, 0x00000000a0a00000, 0x00000000a0a00000|100%| O|  |TAMS 0x00000000a0a00000, 0x00000000a0900000| Untracked 
|  10|0x00000000a0a00000, 0x00000000a0b00000, 0x00000000a0b00000|100%| O|  |TAMS 0x00000000a0b00000, 0x00000000a0a00000| Untracked 
|  11|0x00000000a0b00000, 0x00000000a0c00000, 0x00000000a0c00000|100%| O|  |TAMS 0x00000000a0c00000, 0x00000000a0b00000| Untracked 
|  12|0x00000000a0c00000, 0x00000000a0d00000, 0x00000000a0d00000|100%| O|  |TAMS 0x00000000a0d00000, 0x00000000a0c00000| Untracked 
|  13|0x00000000a0d00000, 0x00000000a0e00000, 0x00000000a0e00000|100%| O|  |TAMS 0x00000000a0e00000, 0x00000000a0d00000| Untracked 
|  14|0x00000000a0e00000, 0x00000000a0f00000, 0x00000000a0f00000|100%| O|  |TAMS 0x00000000a0f00000, 0x00000000a0e00000| Untracked 
|  15|0x00000000a0f00000, 0x00000000a1000000, 0x00000000a1000000|100%| O|  |TAMS 0x00000000a1000000, 0x00000000a0f00000| Untracked 
|  16|0x00000000a1000000, 0x00000000a1100000, 0x00000000a1100000|100%| O|  |TAMS 0x00000000a1100000, 0x00000000a1000000| Untracked 
|  17|0x00000000a1100000, 0x00000000a1200000, 0x00000000a1200000|100%| O|  |TAMS 0x00000000a1200000, 0x00000000a1100000| Untracked 
|  18|0x00000000a1200000, 0x00000000a1300000, 0x00000000a1300000|100%| O|  |TAMS 0x00000000a1300000, 0x00000000a1200000| Untracked 
|  19|0x00000000a1300000, 0x00000000a1400000, 0x00000000a1400000|100%| O|  |TAMS 0x00000000a1400000, 0x00000000a1300000| Untracked 
|  20|0x00000000a1400000, 0x00000000a1500000, 0x00000000a1500000|100%| O|  |TAMS 0x00000000a1500000, 0x00000000a1400000| Untracked 
|  21|0x00000000a1500000, 0x00000000a1600000, 0x00000000a1600000|100%| O|  |TAMS 0x00000000a1600000, 0x00000000a1500000| Untracked 
|  22|0x00000000a1600000, 0x00000000a1700000, 0x00000000a1700000|100%| O|  |TAMS 0x00000000a1700000, 0x00000000a1600000| Untracked 
|  23|0x00000000a1700000, 0x00000000a1800000, 0x00000000a1800000|100%| O|  |TAMS 0x00000000a1800000, 0x00000000a1700000| Untracked 
|  24|0x00000000a1800000, 0x00000000a1900000, 0x00000000a1900000|100%| O|  |TAMS 0x00000000a1900000, 0x00000000a1800000| Untracked 
|  25|0x00000000a1900000, 0x00000000a1a00000, 0x00000000a1a00000|100%| O|  |TAMS 0x00000000a1a00000, 0x00000000a1900000| Untracked 
|  26|0x00000000a1a00000, 0x00000000a1b00000, 0x00000000a1b00000|100%| O|  |TAMS 0x00000000a1b00000, 0x00000000a1a00000| Untracked 
|  27|0x00000000a1b00000, 0x00000000a1c00000, 0x00000000a1c00000|100%| O|  |TAMS 0x00000000a1c00000, 0x00000000a1b00000| Untracked 
|  28|0x00000000a1c00000, 0x00000000a1d00000, 0x00000000a1d00000|100%| O|  |TAMS 0x00000000a1d00000, 0x00000000a1c00000| Untracked 
|  29|0x00000000a1d00000, 0x00000000a1e00000, 0x00000000a1e00000|100%| O|  |TAMS 0x00000000a1e00000, 0x00000000a1d00000| Untracked 
|  30|0x00000000a1e00000, 0x00000000a1f00000, 0x00000000a1f00000|100%| O|  |TAMS 0x00000000a1f00000, 0x00000000a1e00000| Untracked 
|  31|0x00000000a1f00000, 0x00000000a2000000, 0x00000000a2000000|100%| O|  |TAMS 0x00000000a2000000, 0x00000000a1f00000| Untracked 
|  32|0x00000000a2000000, 0x00000000a2100000, 0x00000000a2100000|100%| O|  |TAMS 0x00000000a2100000, 0x00000000a2000000| Untracked 
|  33|0x00000000a2100000, 0x00000000a2200000, 0x00000000a2200000|100%|HS|  |TAMS 0x00000000a2200000, 0x00000000a2100000| Complete 
|  34|0x00000000a2200000, 0x00000000a2300000, 0x00000000a2300000|100%|HS|  |TAMS 0x00000000a2300000, 0x00000000a2200000| Complete 
|  35|0x00000000a2300000, 0x00000000a2400000, 0x00000000a2400000|100%|HS|  |TAMS 0x00000000a2400000, 0x00000000a2300000| Complete 
|  36|0x00000000a2400000, 0x00000000a2500000, 0x00000000a2500000|100%| O|  |TAMS 0x00000000a2500000, 0x00000000a2400000| Untracked 
|  37|0x00000000a2500000, 0x00000000a2600000, 0x00000000a2600000|100%| O|  |TAMS 0x00000000a2600000, 0x00000000a2500000| Untracked 
|  38|0x00000000a2600000, 0x00000000a2700000, 0x00000000a2700000|100%|HS|  |TAMS 0x00000000a2700000, 0x00000000a2600000| Complete 
|  39|0x00000000a2700000, 0x00000000a2800000, 0x00000000a2800000|100%|HC|  |TAMS 0x00000000a2800000, 0x00000000a2700000| Complete 
|  40|0x00000000a2800000, 0x00000000a2900000, 0x00000000a2900000|100%|HC|  |TAMS 0x00000000a2900000, 0x00000000a2800000| Complete 
|  41|0x00000000a2900000, 0x00000000a2a00000, 0x00000000a2a00000|100%| O|  |TAMS 0x00000000a2a00000, 0x00000000a2900000| Untracked 
|  42|0x00000000a2a00000, 0x00000000a2b00000, 0x00000000a2b00000|100%| O|  |TAMS 0x00000000a2b00000, 0x00000000a2a00000| Untracked 
|  43|0x00000000a2b00000, 0x00000000a2c00000, 0x00000000a2c00000|100%| O|  |TAMS 0x00000000a2c00000, 0x00000000a2b00000| Untracked 
|  44|0x00000000a2c00000, 0x00000000a2d00000, 0x00000000a2d00000|100%| O|  |TAMS 0x00000000a2d00000, 0x00000000a2c00000| Untracked 
|  45|0x00000000a2d00000, 0x00000000a2e00000, 0x00000000a2e00000|100%| O|  |TAMS 0x00000000a2e00000, 0x00000000a2d00000| Untracked 
|  46|0x00000000a2e00000, 0x00000000a2f00000, 0x00000000a2f00000|100%|HS|  |TAMS 0x00000000a2f00000, 0x00000000a2e00000| Complete 
|  47|0x00000000a2f00000, 0x00000000a3000000, 0x00000000a3000000|100%|HC|  |TAMS 0x00000000a3000000, 0x00000000a2f00000| Complete 
|  48|0x00000000a3000000, 0x00000000a3100000, 0x00000000a3100000|100%| O|  |TAMS 0x00000000a3100000, 0x00000000a3000000| Untracked 
|  49|0x00000000a3100000, 0x00000000a3200000, 0x00000000a3200000|100%| O|  |TAMS 0x00000000a3200000, 0x00000000a3100000| Untracked 
|  50|0x00000000a3200000, 0x00000000a3300000, 0x00000000a3300000|100%| O|  |TAMS 0x00000000a3300000, 0x00000000a3200000| Untracked 
|  51|0x00000000a3300000, 0x00000000a3400000, 0x00000000a3400000|100%| O|  |TAMS 0x00000000a3400000, 0x00000000a3300000| Untracked 
|  52|0x00000000a3400000, 0x00000000a3500000, 0x00000000a3500000|100%| O|  |TAMS 0x00000000a3500000, 0x00000000a3400000| Untracked 
|  53|0x00000000a3500000, 0x00000000a3600000, 0x00000000a3600000|100%| O|  |TAMS 0x00000000a3600000, 0x00000000a3500000| Untracked 
|  54|0x00000000a3600000, 0x00000000a3700000, 0x00000000a3700000|100%| O|  |TAMS 0x00000000a3700000, 0x00000000a3600000| Untracked 
|  55|0x00000000a3700000, 0x00000000a3800000, 0x00000000a3800000|100%| O|  |TAMS 0x00000000a3800000, 0x00000000a3700000| Untracked 
|  56|0x00000000a3800000, 0x00000000a3900000, 0x00000000a3900000|100%| O|  |TAMS 0x00000000a3900000, 0x00000000a3800000| Untracked 
|  57|0x00000000a3900000, 0x00000000a3a00000, 0x00000000a3a00000|100%| O|  |TAMS 0x00000000a3a00000, 0x00000000a3900000| Untracked 
|  58|0x00000000a3a00000, 0x00000000a3b00000, 0x00000000a3b00000|100%| O|  |TAMS 0x00000000a3b00000, 0x00000000a3a00000| Untracked 
|  59|0x00000000a3b00000, 0x00000000a3c00000, 0x00000000a3c00000|100%| O|  |TAMS 0x00000000a3c00000, 0x00000000a3b00000| Untracked 
|  60|0x00000000a3c00000, 0x00000000a3d00000, 0x00000000a3d00000|100%| O|  |TAMS 0x00000000a3d00000, 0x00000000a3c00000| Untracked 
|  61|0x00000000a3d00000, 0x00000000a3e00000, 0x00000000a3e00000|100%| O|  |TAMS 0x00000000a3e00000, 0x00000000a3d00000| Untracked 
|  62|0x00000000a3e00000, 0x00000000a3f00000, 0x00000000a3f00000|100%| O|  |TAMS 0x00000000a3f00000, 0x00000000a3e00000| Untracked 
|  63|0x00000000a3f00000, 0x00000000a4000000, 0x00000000a4000000|100%| O|  |TAMS 0x00000000a4000000, 0x00000000a3f00000| Untracked 
|  64|0x00000000a4000000, 0x00000000a4100000, 0x00000000a4100000|100%| O|  |TAMS 0x00000000a4100000, 0x00000000a4000000| Untracked 
|  65|0x00000000a4100000, 0x00000000a4200000, 0x00000000a4200000|100%| O|  |TAMS 0x00000000a4200000, 0x00000000a4100000| Untracked 
|  66|0x00000000a4200000, 0x00000000a4300000, 0x00000000a4300000|100%| O|  |TAMS 0x00000000a4300000, 0x00000000a4200000| Untracked 
|  67|0x00000000a4300000, 0x00000000a4400000, 0x00000000a4400000|100%| O|  |TAMS 0x00000000a4300000, 0x00000000a4300000| Untracked 
|  68|0x00000000a4400000, 0x00000000a4500000, 0x00000000a4500000|100%| O|  |TAMS 0x00000000a4500000, 0x00000000a4400000| Untracked 
|  69|0x00000000a4500000, 0x00000000a4600000, 0x00000000a4600000|100%| O|  |TAMS 0x00000000a4600000, 0x00000000a4500000| Untracked 
|  70|0x00000000a4600000, 0x00000000a4700000, 0x00000000a4700000|100%| O|  |TAMS 0x00000000a4700000, 0x00000000a4600000| Untracked 
|  71|0x00000000a4700000, 0x00000000a4800000, 0x00000000a4800000|100%| O|  |TAMS 0x00000000a4800000, 0x00000000a4700000| Untracked 
|  72|0x00000000a4800000, 0x00000000a4900000, 0x00000000a4900000|100%| O|  |TAMS 0x00000000a4900000, 0x00000000a4800000| Untracked 
|  73|0x00000000a4900000, 0x00000000a4a00000, 0x00000000a4a00000|100%| O|  |TAMS 0x00000000a4a00000, 0x00000000a4900000| Untracked 
|  74|0x00000000a4a00000, 0x00000000a4b00000, 0x00000000a4b00000|100%| O|  |TAMS 0x00000000a4b00000, 0x00000000a4a00000| Untracked 
|  75|0x00000000a4b00000, 0x00000000a4c00000, 0x00000000a4c00000|100%| O|  |TAMS 0x00000000a4c00000, 0x00000000a4b00000| Untracked 
|  76|0x00000000a4c00000, 0x00000000a4d00000, 0x00000000a4d00000|100%| O|  |TAMS 0x00000000a4ccda00, 0x00000000a4c00000| Untracked 
|  77|0x00000000a4d00000, 0x00000000a4e00000, 0x00000000a4e00000|100%|HS|  |TAMS 0x00000000a4e00000, 0x00000000a4d00000| Complete 
|  78|0x00000000a4e00000, 0x00000000a4f00000, 0x00000000a4f00000|100%|HS|  |TAMS 0x00000000a4f00000, 0x00000000a4e00000| Complete 
|  79|0x00000000a4f00000, 0x00000000a5000000, 0x00000000a5000000|100%| O|  |TAMS 0x00000000a4f00000, 0x00000000a4f00000| Untracked 
|  80|0x00000000a5000000, 0x00000000a5100000, 0x00000000a5100000|100%| O|  |TAMS 0x00000000a5000000, 0x00000000a5000000| Untracked 
|  81|0x00000000a5100000, 0x00000000a5200000, 0x00000000a5200000|100%| O|  |TAMS 0x00000000a5100000, 0x00000000a5100000| Untracked 
|  82|0x00000000a5200000, 0x00000000a5300000, 0x00000000a5300000|100%| O|  |TAMS 0x00000000a5200000, 0x00000000a5200000| Untracked 
|  83|0x00000000a5300000, 0x00000000a5400000, 0x00000000a5400000|100%| O|  |TAMS 0x00000000a5300000, 0x00000000a5300000| Untracked 
|  84|0x00000000a5400000, 0x00000000a5500000, 0x00000000a5500000|100%| O|  |TAMS 0x00000000a5400000, 0x00000000a5400000| Untracked 
|  85|0x00000000a5500000, 0x00000000a5600000, 0x00000000a5600000|100%| O|  |TAMS 0x00000000a5500000, 0x00000000a5500000| Untracked 
|  86|0x00000000a5600000, 0x00000000a5700000, 0x00000000a5700000|100%| O|  |TAMS 0x00000000a5600000, 0x00000000a5600000| Untracked 
|  87|0x00000000a5700000, 0x00000000a5800000, 0x00000000a5800000|100%| O|  |TAMS 0x00000000a5700000, 0x00000000a5700000| Untracked 
|  88|0x00000000a5800000, 0x00000000a5900000, 0x00000000a5900000|100%| O|  |TAMS 0x00000000a5800000, 0x00000000a5800000| Untracked 
|  89|0x00000000a5900000, 0x00000000a5a00000, 0x00000000a5a00000|100%| O|  |TAMS 0x00000000a5900000, 0x00000000a5900000| Untracked 
|  90|0x00000000a5a00000, 0x00000000a5b00000, 0x00000000a5b00000|100%| O|  |TAMS 0x00000000a5a00000, 0x00000000a5a00000| Untracked 
|  91|0x00000000a5b00000, 0x00000000a5c00000, 0x00000000a5c00000|100%| O|  |TAMS 0x00000000a5b00000, 0x00000000a5b00000| Untracked 
|  92|0x00000000a5c00000, 0x00000000a5d00000, 0x00000000a5d00000|100%| O|  |TAMS 0x00000000a5c00000, 0x00000000a5c00000| Untracked 
|  93|0x00000000a5d00000, 0x00000000a5e00000, 0x00000000a5e00000|100%| O|  |TAMS 0x00000000a5d00000, 0x00000000a5d00000| Untracked 
|  94|0x00000000a5e00000, 0x00000000a5e8ca00, 0x00000000a5f00000| 54%| O|  |TAMS 0x00000000a5e00000, 0x00000000a5e00000| Untracked 
|  95|0x00000000a5f00000, 0x00000000a5f00000, 0x00000000a6000000|  0%| F|  |TAMS 0x00000000a5f00000, 0x00000000a5f00000| Untracked 
|  96|0x00000000a6000000, 0x00000000a6000000, 0x00000000a6100000|  0%| F|  |TAMS 0x00000000a6000000, 0x00000000a6000000| Untracked 
|  97|0x00000000a6100000, 0x00000000a6100000, 0x00000000a6200000|  0%| F|  |TAMS 0x00000000a6100000, 0x00000000a6100000| Untracked 
|  98|0x00000000a6200000, 0x00000000a6200000, 0x00000000a6300000|  0%| F|  |TAMS 0x00000000a6200000, 0x00000000a6200000| Untracked 
|  99|0x00000000a6300000, 0x00000000a6300000, 0x00000000a6400000|  0%| F|  |TAMS 0x00000000a6300000, 0x00000000a6300000| Untracked 
| 100|0x00000000a6400000, 0x00000000a6400000, 0x00000000a6500000|  0%| F|  |TAMS 0x00000000a6400000, 0x00000000a6400000| Untracked 
| 101|0x00000000a6500000, 0x00000000a6500000, 0x00000000a6600000|  0%| F|  |TAMS 0x00000000a6500000, 0x00000000a6500000| Untracked 
| 102|0x00000000a6600000, 0x00000000a6600000, 0x00000000a6700000|  0%| F|  |TAMS 0x00000000a6600000, 0x00000000a6600000| Untracked 
| 103|0x00000000a6700000, 0x00000000a6700000, 0x00000000a6800000|  0%| F|  |TAMS 0x00000000a6700000, 0x00000000a6700000| Untracked 
| 104|0x00000000a6800000, 0x00000000a6800000, 0x00000000a6900000|  0%| F|  |TAMS 0x00000000a6800000, 0x00000000a6800000| Untracked 
| 105|0x00000000a6900000, 0x00000000a6900000, 0x00000000a6a00000|  0%| F|  |TAMS 0x00000000a6900000, 0x00000000a6900000| Untracked 
| 106|0x00000000a6a00000, 0x00000000a6a00000, 0x00000000a6b00000|  0%| F|  |TAMS 0x00000000a6a00000, 0x00000000a6a00000| Untracked 
| 107|0x00000000a6b00000, 0x00000000a6b00000, 0x00000000a6c00000|  0%| F|  |TAMS 0x00000000a6b00000, 0x00000000a6b00000| Untracked 
| 108|0x00000000a6c00000, 0x00000000a6c00000, 0x00000000a6d00000|  0%| F|  |TAMS 0x00000000a6c00000, 0x00000000a6c00000| Untracked 
| 109|0x00000000a6d00000, 0x00000000a6d00000, 0x00000000a6e00000|  0%| F|  |TAMS 0x00000000a6d00000, 0x00000000a6d00000| Untracked 
| 110|0x00000000a6e00000, 0x00000000a6e00000, 0x00000000a6f00000|  0%| F|  |TAMS 0x00000000a6e00000, 0x00000000a6e00000| Untracked 
| 111|0x00000000a6f00000, 0x00000000a6f00000, 0x00000000a7000000|  0%| F|  |TAMS 0x00000000a6f00000, 0x00000000a6f00000| Untracked 
| 112|0x00000000a7000000, 0x00000000a7000000, 0x00000000a7100000|  0%| F|  |TAMS 0x00000000a7000000, 0x00000000a7000000| Untracked 
| 113|0x00000000a7100000, 0x00000000a7100000, 0x00000000a7200000|  0%| F|  |TAMS 0x00000000a7100000, 0x00000000a7100000| Untracked 
| 114|0x00000000a7200000, 0x00000000a7200000, 0x00000000a7300000|  0%| F|  |TAMS 0x00000000a7200000, 0x00000000a7200000| Untracked 
| 115|0x00000000a7300000, 0x00000000a7300000, 0x00000000a7400000|  0%| F|  |TAMS 0x00000000a7300000, 0x00000000a7300000| Untracked 
| 116|0x00000000a7400000, 0x00000000a7400000, 0x00000000a7500000|  0%| F|  |TAMS 0x00000000a7400000, 0x00000000a7400000| Untracked 
| 117|0x00000000a7500000, 0x00000000a7500000, 0x00000000a7600000|  0%| F|  |TAMS 0x00000000a7500000, 0x00000000a7500000| Untracked 
| 118|0x00000000a7600000, 0x00000000a7600000, 0x00000000a7700000|  0%| F|  |TAMS 0x00000000a7600000, 0x00000000a7600000| Untracked 
| 119|0x00000000a7700000, 0x00000000a7700000, 0x00000000a7800000|  0%| F|  |TAMS 0x00000000a7700000, 0x00000000a7700000| Untracked 
| 120|0x00000000a7800000, 0x00000000a7800000, 0x00000000a7900000|  0%| F|  |TAMS 0x00000000a7800000, 0x00000000a7800000| Untracked 
| 121|0x00000000a7900000, 0x00000000a792a0f8, 0x00000000a7a00000| 16%| S|CS|TAMS 0x00000000a7900000, 0x00000000a7900000| Complete 
| 122|0x00000000a7a00000, 0x00000000a7a00000, 0x00000000a7b00000|  0%| F|  |TAMS 0x00000000a7a00000, 0x00000000a7a00000| Untracked 
| 123|0x00000000a7b00000, 0x00000000a7b00000, 0x00000000a7c00000|  0%| F|  |TAMS 0x00000000a7b00000, 0x00000000a7b00000| Untracked 
| 124|0x00000000a7c00000, 0x00000000a7c00000, 0x00000000a7d00000|  0%| F|  |TAMS 0x00000000a7c00000, 0x00000000a7c00000| Untracked 
| 125|0x00000000a7d00000, 0x00000000a7d00000, 0x00000000a7e00000|  0%| F|  |TAMS 0x00000000a7d00000, 0x00000000a7d00000| Untracked 
| 126|0x00000000a7e00000, 0x00000000a7f00000, 0x00000000a7f00000|100%| S|CS|TAMS 0x00000000a7e00000, 0x00000000a7e00000| Complete 
| 127|0x00000000a7f00000, 0x00000000a8000000, 0x00000000a8000000|100%| S|CS|TAMS 0x00000000a7f00000, 0x00000000a7f00000| Complete 
| 128|0x00000000a8000000, 0x00000000a8000000, 0x00000000a8100000|  0%| F|  |TAMS 0x00000000a8000000, 0x00000000a8000000| Untracked 
| 129|0x00000000a8100000, 0x00000000a8100000, 0x00000000a8200000|  0%| F|  |TAMS 0x00000000a8100000, 0x00000000a8100000| Untracked 
| 130|0x00000000a8200000, 0x00000000a8200000, 0x00000000a8300000|  0%| F|  |TAMS 0x00000000a8200000, 0x00000000a8200000| Untracked 
| 131|0x00000000a8300000, 0x00000000a8300000, 0x00000000a8400000|  0%| F|  |TAMS 0x00000000a8300000, 0x00000000a8300000| Untracked 
| 132|0x00000000a8400000, 0x00000000a8400000, 0x00000000a8500000|  0%| F|  |TAMS 0x00000000a8400000, 0x00000000a8400000| Untracked 
| 133|0x00000000a8500000, 0x00000000a8500000, 0x00000000a8600000|  0%| F|  |TAMS 0x00000000a8500000, 0x00000000a8500000| Untracked 
| 134|0x00000000a8600000, 0x00000000a8600000, 0x00000000a8700000|  0%| F|  |TAMS 0x00000000a8600000, 0x00000000a8600000| Untracked 
| 135|0x00000000a8700000, 0x00000000a8700000, 0x00000000a8800000|  0%| F|  |TAMS 0x00000000a8700000, 0x00000000a8700000| Untracked 
| 136|0x00000000a8800000, 0x00000000a8800000, 0x00000000a8900000|  0%| F|  |TAMS 0x00000000a8800000, 0x00000000a8800000| Untracked 
| 137|0x00000000a8900000, 0x00000000a8900000, 0x00000000a8a00000|  0%| F|  |TAMS 0x00000000a8900000, 0x00000000a8900000| Untracked 
| 138|0x00000000a8a00000, 0x00000000a8a00000, 0x00000000a8b00000|  0%| F|  |TAMS 0x00000000a8a00000, 0x00000000a8a00000| Untracked 
| 139|0x00000000a8b00000, 0x00000000a8b00000, 0x00000000a8c00000|  0%| F|  |TAMS 0x00000000a8b00000, 0x00000000a8b00000| Untracked 
| 140|0x00000000a8c00000, 0x00000000a8c00000, 0x00000000a8d00000|  0%| F|  |TAMS 0x00000000a8c00000, 0x00000000a8c00000| Untracked 
| 141|0x00000000a8d00000, 0x00000000a8d00000, 0x00000000a8e00000|  0%| F|  |TAMS 0x00000000a8d00000, 0x00000000a8d00000| Untracked 
| 142|0x00000000a8e00000, 0x00000000a8e00000, 0x00000000a8f00000|  0%| F|  |TAMS 0x00000000a8e00000, 0x00000000a8e00000| Untracked 
| 143|0x00000000a8f00000, 0x00000000a8f00000, 0x00000000a9000000|  0%| F|  |TAMS 0x00000000a8f00000, 0x00000000a8f00000| Untracked 
| 144|0x00000000a9000000, 0x00000000a9000000, 0x00000000a9100000|  0%| F|  |TAMS 0x00000000a9000000, 0x00000000a9000000| Untracked 
| 145|0x00000000a9100000, 0x00000000a9100000, 0x00000000a9200000|  0%| F|  |TAMS 0x00000000a9100000, 0x00000000a9100000| Untracked 
| 146|0x00000000a9200000, 0x00000000a9200000, 0x00000000a9300000|  0%| F|  |TAMS 0x00000000a9200000, 0x00000000a9200000| Untracked 
| 147|0x00000000a9300000, 0x00000000a9300000, 0x00000000a9400000|  0%| F|  |TAMS 0x00000000a9300000, 0x00000000a9300000| Untracked 
| 148|0x00000000a9400000, 0x00000000a9400000, 0x00000000a9500000|  0%| F|  |TAMS 0x00000000a9400000, 0x00000000a9400000| Untracked 
| 149|0x00000000a9500000, 0x00000000a9500000, 0x00000000a9600000|  0%| F|  |TAMS 0x00000000a9500000, 0x00000000a9500000| Untracked 
| 150|0x00000000a9600000, 0x00000000a9600000, 0x00000000a9700000|  0%| F|  |TAMS 0x00000000a9600000, 0x00000000a9600000| Untracked 
| 151|0x00000000a9700000, 0x00000000a9700000, 0x00000000a9800000|  0%| F|  |TAMS 0x00000000a9700000, 0x00000000a9700000| Untracked 
| 152|0x00000000a9800000, 0x00000000a9800000, 0x00000000a9900000|  0%| F|  |TAMS 0x00000000a9800000, 0x00000000a9800000| Untracked 
| 153|0x00000000a9900000, 0x00000000a9900000, 0x00000000a9a00000|  0%| F|  |TAMS 0x00000000a9900000, 0x00000000a9900000| Untracked 
| 154|0x00000000a9a00000, 0x00000000a9af8130, 0x00000000a9b00000| 96%| E|  |TAMS 0x00000000a9a00000, 0x00000000a9a00000| Complete 

Card table byte_map: [0x00000183f32c0000,0x00000183f35c0000] _byte_map_base: 0x00000183f2dc0000

Marking Bits (Prev, Next): (CMBitMap*) 0x00000183efb38490, (CMBitMap*) 0x00000183efb38450
 Prev Bits: [0x00000183f50c0000, 0x00000183f68c0000)
 Next Bits: [0x00000183f38c0000, 0x00000183f50c0000)

Polling page: 0x00000183ed8f0000

Metaspace:

Usage:
  Non-class:     81.41 MB used.
      Class:     12.99 MB used.
       Both:     94.40 MB used.

Virtual space:
  Non-class space:       88.00 MB reserved,      81.88 MB ( 93%) committed,  11 nodes.
      Class space:        1.00 GB reserved,      13.31 MB (  1%) committed,  1 nodes.
             Both:        1.09 GB reserved,      95.19 MB (  9%) committed. 

Chunk freelists:
   Non-Class:  1.86 MB
       Class:  2.62 MB
        Both:  4.48 MB

MaxMetaspaceSize: unlimited
CompressedClassSpaceSize: 1.00 GB
Initial GC threshold: 21.00 MB
Current GC threshold: 148.38 MB
CDS: off
MetaspaceReclaimPolicy: balanced
 - commit_granule_bytes: 65536.
 - commit_granule_words: 8192.
 - virtual_space_node_default_size: 1048576.
 - enlarge_chunks_in_place: 1.
 - new_chunks_are_fully_committed: 0.
 - uncommit_free_chunks: 1.
 - use_allocation_guard: 0.
 - handle_deallocations: 1.


Internal statistics:

num_allocs_failed_limit: 6.
num_arena_births: 918.
num_arena_deaths: 0.
num_vsnodes_births: 12.
num_vsnodes_deaths: 0.
num_space_committed: 1523.
num_space_uncommitted: 0.
num_chunks_returned_to_freelist: 6.
num_chunks_taken_from_freelist: 4467.
num_chunk_merges: 3.
num_chunk_splits: 2993.
num_chunks_enlarged: 2041.
num_purges: 0.
num_inconsistent_stats: 0.

CodeHeap 'non-profiled nmethods': size=120000Kb used=5986Kb max_used=5986Kb free=114013Kb
 bounds [0x0000018387ad0000, 0x00000183880b0000, 0x000001838f000000]
CodeHeap 'profiled nmethods': size=120000Kb used=18687Kb max_used=18687Kb free=101312Kb
 bounds [0x0000018380000000, 0x0000018381240000, 0x0000018387530000]
CodeHeap 'non-nmethods': size=5760Kb used=2407Kb max_used=2486Kb free=3352Kb
 bounds [0x0000018387530000, 0x00000183877b0000, 0x0000018387ad0000]
 total_blobs=10411 nmethods=9475 adapters=848
 compilation: enabled
              stopped_count=0, restarted_count=0
 full_count=0

Compilation events (20 events):
Event: 67.496 Thread 0x00000183f980a160 nmethod 10927 0x000001838123c990 code [0x000001838123cb80, 0x000001838123d0d8]
Event: 67.496 Thread 0x00000183f980a160 10928       3       com.sun.org.apache.xerces.internal.utils.XMLSecurityManager::isOverLimit (10 bytes)
Event: 67.497 Thread 0x00000183f980a160 nmethod 10928 0x000001838123d290 code [0x000001838123d440, 0x000001838123d5a8]
Event: 67.497 Thread 0x00000183f980a160 10929       3       com.sun.org.apache.xerces.internal.utils.XMLSecurityManager::isOverLimit (111 bytes)
Event: 67.497 Thread 0x00000183f980a160 nmethod 10929 0x000001838123d690 code [0x000001838123d8a0, 0x000001838123ded8]
Event: 67.498 Thread 0x00000183f980a160 10930       1       com.sun.xml.bind.v2.runtime.unmarshaller.UnmarshallingContext$State::access$600 (5 bytes)
Event: 67.498 Thread 0x00000183f980a160 nmethod 10930 0x00000183880a4790 code [0x00000183880a4920, 0x00000183880a49d8]
Event: 67.498 Thread 0x00000183f980a160 10931       3       com.sun.org.apache.xerces.internal.impl.XMLEntityScanner::scanContent (295 bytes)
Event: 67.499 Thread 0x00000183f980a160 nmethod 10931 0x000001838123e110 code [0x000001838123e360, 0x000001838123ed88]
Event: 67.500 Thread 0x00000183fbee1a80 10932       4       java.lang.AbstractStringBuilder::append (67 bytes)
Event: 67.520 Thread 0x00000183f980a160 10941       1       com.sun.org.apache.xerces.internal.util.XMLAttributesImpl::getLength (5 bytes)
Event: 67.520 Thread 0x00000183f980a160 nmethod 10941 0x00000183880a4a90 code [0x00000183880a4c20, 0x00000183880a4cf8]
Event: 67.520 Thread 0x00000183fbee1a80 nmethod 10932 0x00000183880a4d90 code [0x00000183880a4f40, 0x00000183880a5768]
Event: 67.520 Thread 0x00000183fbee1a80 10934       4       java.util.regex.Matcher::search (154 bytes)
Event: 67.521 Thread 0x00000183f980a160 10942       3       com.sun.org.apache.xerces.internal.impl.XMLEntityScanner::peekChar (63 bytes)
Event: 67.521 Thread 0x00000183f980a160 nmethod 10942 0x000001838123f110 code [0x000001838123f2c0, 0x000001838123f568]
Event: 67.527 Thread 0x00000183fbee1a80 nmethod 10934 0x00000183880a5b10 code [0x00000183880a5ca0, 0x00000183880a6058]
Event: 67.527 Thread 0x00000183fbee1a80 10939       4       java.lang.AbstractStringBuilder::appendChars (207 bytes)
Event: 67.542 Thread 0x00000183fbee1a80 nmethod 10939 0x00000183880a6310 code [0x00000183880a64c0, 0x00000183880a6bc8]
Event: 67.543 Thread 0x00000183fbee1a80 10938       4       java.lang.AbstractStringBuilder::append (63 bytes)

GC Heap History (20 events):
Event: 51.186 GC heap before
{Heap before GC invocations=58 (full 0):
 garbage-first heap   total 122880K, used 99328K [0x00000000a0000000, 0x0000000100000000)
  region size 1024K, 30 young (30720K), 3 survivors (3072K)
 Metaspace       used 84535K, committed 85312K, reserved 1122304K
  class space    used 11430K, committed 11776K, reserved 1048576K
}
Event: 51.194 GC heap after
{Heap after GC invocations=59 (full 0):
 garbage-first heap   total 122880K, used 73330K [0x00000000a0000000, 0x0000000100000000)
  region size 1024K, 2 young (2048K), 2 survivors (2048K)
 Metaspace       used 84535K, committed 85312K, reserved 1122304K
  class space    used 11430K, committed 11776K, reserved 1048576K
}
Event: 51.407 GC heap before
{Heap before GC invocations=59 (full 0):
 garbage-first heap   total 122880K, used 77426K [0x00000000a0000000, 0x0000000100000000)
  region size 1024K, 6 young (6144K), 2 survivors (2048K)
 Metaspace       used 85075K, committed 85824K, reserved 1130496K
  class space    used 11530K, committed 11840K, reserved 1048576K
}
Event: 51.411 GC heap after
{Heap after GC invocations=60 (full 0):
 garbage-first heap   total 122880K, used 73388K [0x00000000a0000000, 0x0000000100000000)
  region size 1024K, 1 young (1024K), 1 survivors (1024K)
 Metaspace       used 85075K, committed 85824K, reserved 1130496K
  class space    used 11530K, committed 11840K, reserved 1048576K
}
Event: 53.122 GC heap before
{Heap before GC invocations=60 (full 0):
 garbage-first heap   total 122880K, used 101036K [0x00000000a0000000, 0x0000000100000000)
  region size 1024K, 28 young (28672K), 1 survivors (1024K)
 Metaspace       used 87876K, committed 88576K, reserved 1130496K
  class space    used 12027K, committed 12352K, reserved 1048576K
}
Event: 53.128 GC heap after
{Heap after GC invocations=61 (full 0):
 garbage-first heap   total 122880K, used 75077K [0x00000000a0000000, 0x0000000100000000)
  region size 1024K, 2 young (2048K), 2 survivors (2048K)
 Metaspace       used 87876K, committed 88576K, reserved 1130496K
  class space    used 12027K, committed 12352K, reserved 1048576K
}
Event: 54.794 GC heap before
{Heap before GC invocations=61 (full 0):
 garbage-first heap   total 122880K, used 102725K [0x00000000a0000000, 0x0000000100000000)
  region size 1024K, 29 young (29696K), 2 survivors (2048K)
 Metaspace       used 88794K, committed 89536K, reserved 1130496K
  class space    used 12159K, committed 12480K, reserved 1048576K
}
Event: 54.803 GC heap after
{Heap after GC invocations=62 (full 0):
 garbage-first heap   total 122880K, used 78508K [0x00000000a0000000, 0x0000000100000000)
  region size 1024K, 4 young (4096K), 4 survivors (4096K)
 Metaspace       used 88794K, committed 89536K, reserved 1130496K
  class space    used 12159K, committed 12480K, reserved 1048576K
}
Event: 60.364 GC heap before
{Heap before GC invocations=62 (full 0):
 garbage-first heap   total 122880K, used 103084K [0x00000000a0000000, 0x0000000100000000)
  region size 1024K, 28 young (28672K), 4 survivors (4096K)
 Metaspace       used 89886K, committed 90624K, reserved 1130496K
  class space    used 12312K, committed 12672K, reserved 1048576K
}
Event: 60.385 GC heap after
{Heap after GC invocations=63 (full 0):
 garbage-first heap   total 122880K, used 82722K [0x00000000a0000000, 0x0000000100000000)
  region size 1024K, 4 young (4096K), 4 survivors (4096K)
 Metaspace       used 89886K, committed 90624K, reserved 1130496K
  class space    used 12312K, committed 12672K, reserved 1048576K
}
Event: 61.962 GC heap before
{Heap before GC invocations=63 (full 0):
 garbage-first heap   total 122880K, used 104226K [0x00000000a0000000, 0x0000000100000000)
  region size 1024K, 24 young (24576K), 4 survivors (4096K)
 Metaspace       used 90303K, committed 91136K, reserved 1130496K
  class space    used 12363K, committed 12736K, reserved 1048576K
}
Event: 61.978 GC heap after
{Heap after GC invocations=64 (full 0):
 garbage-first heap   total 122880K, used 88381K [0x00000000a0000000, 0x0000000100000000)
  region size 1024K, 3 young (3072K), 3 survivors (3072K)
 Metaspace       used 90303K, committed 91136K, reserved 1130496K
  class space    used 12363K, committed 12736K, reserved 1048576K
}
Event: 62.752 GC heap before
{Heap before GC invocations=65 (full 0):
 garbage-first heap   total 158720K, used 102717K [0x00000000a0000000, 0x0000000100000000)
  region size 1024K, 17 young (17408K), 3 survivors (3072K)
 Metaspace       used 90934K, committed 91712K, reserved 1130496K
  class space    used 12468K, committed 12800K, reserved 1048576K
}
Event: 62.760 GC heap after
{Heap after GC invocations=66 (full 0):
 garbage-first heap   total 158720K, used 91606K [0x00000000a0000000, 0x0000000100000000)
  region size 1024K, 3 young (3072K), 3 survivors (3072K)
 Metaspace       used 90934K, committed 91712K, reserved 1130496K
  class space    used 12468K, committed 12800K, reserved 1048576K
}
Event: 63.127 GC heap before
{Heap before GC invocations=66 (full 0):
 garbage-first heap   total 158720K, used 95702K [0x00000000a0000000, 0x0000000100000000)
  region size 1024K, 7 young (7168K), 3 survivors (3072K)
 Metaspace       used 91256K, committed 92096K, reserved 1130496K
  class space    used 12552K, committed 12928K, reserved 1048576K
}
Event: 63.135 GC heap after
{Heap after GC invocations=67 (full 0):
 garbage-first heap   total 158720K, used 92387K [0x00000000a0000000, 0x0000000100000000)
  region size 1024K, 1 young (1024K), 1 survivors (1024K)
 Metaspace       used 91256K, committed 92096K, reserved 1130496K
  class space    used 12552K, committed 12928K, reserved 1048576K
}
Event: 65.413 GC heap before
{Heap before GC invocations=67 (full 0):
 garbage-first heap   total 158720K, used 120035K [0x00000000a0000000, 0x0000000100000000)
  region size 1024K, 29 young (29696K), 1 survivors (1024K)
 Metaspace       used 92308K, committed 93056K, reserved 1130496K
  class space    used 12667K, committed 12992K, reserved 1048576K
}
Event: 65.425 GC heap after
{Heap after GC invocations=68 (full 0):
 garbage-first heap   total 158720K, used 96699K [0x00000000a0000000, 0x0000000100000000)
  region size 1024K, 4 young (4096K), 4 survivors (4096K)
 Metaspace       used 92308K, committed 93056K, reserved 1130496K
  class space    used 12667K, committed 12992K, reserved 1048576K
}
Event: 67.500 GC heap before
{Heap before GC invocations=68 (full 0):
 garbage-first heap   total 158720K, used 124347K [0x00000000a0000000, 0x0000000100000000)
  region size 1024K, 31 young (31744K), 4 survivors (4096K)
 Metaspace       used 96588K, committed 97408K, reserved 1138688K
  class space    used 13292K, committed 13632K, reserved 1048576K
}
Event: 67.513 GC heap after
{Heap after GC invocations=69 (full 0):
 garbage-first heap   total 158720K, used 99034K [0x00000000a0000000, 0x0000000100000000)
  region size 1024K, 3 young (3072K), 3 survivors (3072K)
 Metaspace       used 96588K, committed 97408K, reserved 1138688K
  class space    used 13292K, committed 13632K, reserved 1048576K
}

Dll operation events (2 events):
Event: 0.052 Loaded shared library C:\Program Files\Android\Android Studio\jbr\bin\java.dll
Event: 1.737 Loaded shared library C:\Program Files\Android\Android Studio\jbr\bin\verify.dll

Deoptimization events (20 events):
Event: 67.430 Thread 0x00000183fbc87450 DEOPT PACKING pc=0x0000018387bd725c sp=0x0000001af5df94b0
Event: 67.430 Thread 0x00000183fbc87450 DEOPT UNPACKING pc=0x000001838758a1a3 sp=0x0000001af5df92d0 mode 2
Event: 67.500 Thread 0x00000183fbc87450 DEOPT PACKING pc=0x0000018380796b02 sp=0x0000001af5df8fd0
Event: 67.500 Thread 0x00000183fbc87450 DEOPT UNPACKING pc=0x000001838758ace3 sp=0x0000001af5df8490 mode 0
Event: 67.516 Thread 0x00000183fbc87450 DEOPT PACKING pc=0x0000018380796b02 sp=0x0000001af5df8fd0
Event: 67.516 Thread 0x00000183fbc87450 DEOPT UNPACKING pc=0x000001838758ace3 sp=0x0000001af5df8490 mode 0
Event: 67.517 Thread 0x00000183fbc87450 DEOPT PACKING pc=0x0000018380796b02 sp=0x0000001af5df8fd0
Event: 67.517 Thread 0x00000183fbc87450 DEOPT UNPACKING pc=0x000001838758ace3 sp=0x0000001af5df8490 mode 0
Event: 67.518 Thread 0x00000183fbc87450 DEOPT PACKING pc=0x0000018380796b02 sp=0x0000001af5df8fd0
Event: 67.518 Thread 0x00000183fbc87450 DEOPT UNPACKING pc=0x000001838758ace3 sp=0x0000001af5df8490 mode 0
Event: 67.518 Thread 0x00000183fbc87450 DEOPT PACKING pc=0x0000018380796b02 sp=0x0000001af5df8fd0
Event: 67.518 Thread 0x00000183fbc87450 DEOPT UNPACKING pc=0x000001838758ace3 sp=0x0000001af5df8490 mode 0
Event: 67.519 Thread 0x00000183fbc87450 DEOPT PACKING pc=0x0000018380796b02 sp=0x0000001af5df8fd0
Event: 67.519 Thread 0x00000183fbc87450 DEOPT UNPACKING pc=0x000001838758ace3 sp=0x0000001af5df8490 mode 0
Event: 67.519 Thread 0x00000183fbc87450 DEOPT PACKING pc=0x0000018380796b02 sp=0x0000001af5df8fd0
Event: 67.519 Thread 0x00000183fbc87450 DEOPT UNPACKING pc=0x000001838758ace3 sp=0x0000001af5df8490 mode 0
Event: 67.520 Thread 0x00000183fbc87450 Uncommon trap: trap_request=0xffffff45 fr.pc=0x0000018387bc1ac8 relative=0x00000000000000a8
Event: 67.520 Thread 0x00000183fbc87450 Uncommon trap: reason=unstable_if action=reinterpret pc=0x0000018387bc1ac8 method=java.lang.CharacterDataLatin1.digit(II)I @ 12 c2
Event: 67.520 Thread 0x00000183fbc87450 DEOPT PACKING pc=0x0000018387bc1ac8 sp=0x0000001af5df9370
Event: 67.520 Thread 0x00000183fbc87450 DEOPT UNPACKING pc=0x000001838758a1a3 sp=0x0000001af5df92e8 mode 2

Classes unloaded (0 events):
No events

Classes redefined (0 events):
No events

Internal exceptions (20 events):
Event: 62.762 Thread 0x00000183fbc87450 Exception <a 'java/lang/ClassNotFoundException'{0x00000000a9a0bf88}: org/gradle/api/tasks/compile/CompileOptionsBeanInfo> (0x00000000a9a0bf88) 
thrown [s\src\hotspot\share\classfile\systemDictionary.cpp, line 256]
Event: 62.830 Thread 0x00000183fbc87450 Exception <a 'java/lang/ClassNotFoundException'{0x00000000a9a1d430}: org/gradle/api/tasks/compile/AbstractOptionsBeanInfo> (0x00000000a9a1d430) 
thrown [s\src\hotspot\share\classfile\systemDictionary.cpp, line 256]
Event: 62.831 Thread 0x00000183fbc87450 Exception <a 'java/lang/ClassNotFoundException'{0x00000000a9a2de90}: org/gradle/api/tasks/compile/AbstractOptionsCustomizer> (0x00000000a9a2de90) 
thrown [s\src\hotspot\share\classfile\systemDictionary.cpp, line 256]
Event: 62.833 Thread 0x00000183fbc87450 Exception <a 'java/lang/ClassNotFoundException'{0x00000000a9a41138}: org/gradle/api/tasks/compile/CompileOptionsCustomizer> (0x00000000a9a41138) 
thrown [s\src\hotspot\share\classfile\systemDictionary.cpp, line 256]
Event: 62.840 Thread 0x00000183fbc87450 Exception <a 'java/lang/ClassNotFoundException'{0x00000000a9a83d50}: org/gradle/api/tasks/compile/CompileOptions_DecoratedCustomizer> (0x00000000a9a83d50) 
thrown [s\src\hotspot\share\classfile\systemDictionary.cpp, line 256]
Event: 63.218 Thread 0x00000183fbc87450 Exception <a 'java/lang/ClassNotFoundException'{0x00000000a981e828}: com/android/build/gradle/internal/api/LibraryVariantOutputImpl_DecoratedBeanInfo> (0x00000000a981e828) 
thrown [s\src\hotspot\share\classfile\systemDictionary.cpp, line 256]
Event: 63.218 Thread 0x00000183fbc87450 Exception <a 'java/lang/ClassNotFoundException'{0x00000000a982b108}: com/android/build/gradle/internal/api/LibraryVariantOutputImplBeanInfo> (0x00000000a982b108) 
thrown [s\src\hotspot\share\classfile\systemDictionary.cpp, line 256]
Event: 63.219 Thread 0x00000183fbc87450 Exception <a 'java/lang/ClassNotFoundException'{0x00000000a9836cc0}: com/android/build/gradle/internal/api/LibraryVariantOutputImplCustomizer> (0x00000000a9836cc0) 
thrown [s\src\hotspot\share\classfile\systemDictionary.cpp, line 256]
Event: 63.220 Thread 0x00000183fbc87450 Exception <a 'java/lang/ClassNotFoundException'{0x00000000a984b5c0}: com/android/build/gradle/internal/api/LibraryVariantOutputImpl_DecoratedCustomizer> (0x00000000a984b5c0) 
thrown [s\src\hotspot\share\classfile\systemDictionary.cpp, line 256]
Event: 63.373 Thread 0x00000183fbc87450 Exception <a 'java/lang/ClassNotFoundException'{0x00000000a976b980}: build_dcwyukhexrzioe3ykat8qy916BeanInfo> (0x00000000a976b980) 
thrown [s\src\hotspot\share\classfile\systemDictionary.cpp, line 256]
Event: 63.373 Thread 0x00000183fbc87450 Exception <a 'java/lang/ClassNotFoundException'{0x00000000a9772200}: build_dcwyukhexrzioe3ykat8qy916Customizer> (0x00000000a9772200) 
thrown [s\src\hotspot\share\classfile\systemDictionary.cpp, line 256]
Event: 64.483 Thread 0x00000183fbc87450 Exception <a 'java/lang/ClassNotFoundException'{0x00000000a8ab4f38}: build_dcwyukhexrzioe3ykat8qy916BeanInfo> (0x00000000a8ab4f38) 
thrown [s\src\hotspot\share\classfile\systemDictionary.cpp, line 256]
Event: 64.483 Thread 0x00000183fbc87450 Exception <a 'java/lang/ClassNotFoundException'{0x00000000a8abb758}: build_dcwyukhexrzioe3ykat8qy916Customizer> (0x00000000a8abb758) 
thrown [s\src\hotspot\share\classfile\systemDictionary.cpp, line 256]
Event: 65.696 Thread 0x00000183fbc87450 Exception <a 'sun/nio/fs/WindowsException'{0x00000000a95b0fe8}> (0x00000000a95b0fe8) 
thrown [s\src\hotspot\share\prims\jni.cpp, line 517]
Event: 66.553 Thread 0x00000183fbc87450 Exception <a 'java/lang/NullPointerException'{0x00000000a8ec8748}> (0x00000000a8ec8748) 
thrown [s\src\hotspot\share\interpreter\linkResolver.cpp, line 1447]
Event: 66.913 Thread 0x00000183fbc87450 Implicit null exception at 0x0000018387bb74ff to 0x0000018387bb96cc
Event: 67.445 Thread 0x00000183fbc87450 Exception <a 'sun/nio/fs/WindowsException'{0x00000000a80b8608}> (0x00000000a80b8608) 
thrown [s\src\hotspot\share\prims\jni.cpp, line 517]
Event: 67.480 Thread 0x00000183fbc87450 Exception <a 'sun/nio/fs/WindowsException'{0x00000000a80b9998}> (0x00000000a80b9998) 
thrown [s\src\hotspot\share\prims\jni.cpp, line 517]
Event: 67.485 Thread 0x00000183fbc87450 Exception <a 'sun/nio/fs/WindowsException'{0x00000000a80bad60}> (0x00000000a80bad60) 
thrown [s\src\hotspot\share\prims\jni.cpp, line 517]
Event: 67.485 Thread 0x00000183fbc87450 Exception <a 'sun/nio/fs/WindowsException'{0x00000000a80bc128}> (0x00000000a80bc128) 
thrown [s\src\hotspot\share\prims\jni.cpp, line 517]

VM Operations (20 events):
Event: 62.296 Executing VM operation: G1Concurrent
Event: 62.328 Executing VM operation: G1Concurrent done
Event: 62.752 Executing VM operation: G1CollectForAllocation
Event: 62.760 Executing VM operation: G1CollectForAllocation done
Event: 63.127 Executing VM operation: G1CollectForAllocation
Event: 63.136 Executing VM operation: G1CollectForAllocation done
Event: 64.126 Executing VM operation: ICBufferFull
Event: 64.126 Executing VM operation: ICBufferFull done
Event: 65.127 Executing VM operation: Cleanup
Event: 65.127 Executing VM operation: Cleanup done
Event: 65.413 Executing VM operation: G1CollectForAllocation
Event: 65.425 Executing VM operation: G1CollectForAllocation done
Event: 66.435 Executing VM operation: Cleanup
Event: 66.435 Executing VM operation: Cleanup done
Event: 67.436 Executing VM operation: Cleanup
Event: 67.436 Executing VM operation: Cleanup done
Event: 67.500 Executing VM operation: G1CollectForAllocation
Event: 67.513 Executing VM operation: G1CollectForAllocation done
Event: 67.542 Executing VM operation: HandshakeAllThreads
Event: 67.542 Executing VM operation: HandshakeAllThreads done

Events (20 events):
Event: 67.407 loading class com/sun/org/apache/xerces/internal/impl/Constants$ArrayEnumeration done
Event: 67.409 loading class org/xml/sax/helpers/AttributesImpl
Event: 67.409 loading class org/xml/sax/helpers/AttributesImpl done
Event: 67.410 loading class java/util/regex/Pattern$Behind
Event: 67.415 loading class java/util/regex/Pattern$Behind done
Event: 67.415 loading class java/util/regex/Pattern$Neg
Event: 67.415 loading class java/util/regex/Pattern$Neg done
Event: 67.419 Thread 0x00000183fbee1a80 Thread added: 0x00000183fbee1a80
Event: 67.429 loading class javax/xml/datatype/DatatypeConfigurationException
Event: 67.429 loading class javax/xml/datatype/DatatypeConfigurationException done
Event: 67.434 loading class com/sun/org/apache/xerces/internal/impl/io/MalformedByteSequenceException
Event: 67.434 loading class com/sun/org/apache/xerces/internal/impl/io/MalformedByteSequenceException done
Event: 67.486 loading class java/util/EnumMap$EntrySet
Event: 67.487 loading class java/util/EnumMap$EntrySet done
Event: 67.487 loading class java/util/EnumMap$EntryIterator
Event: 67.487 loading class java/util/EnumMap$EnumMapIterator
Event: 67.487 loading class java/util/EnumMap$EnumMapIterator done
Event: 67.487 loading class java/util/EnumMap$EntryIterator done
Event: 67.487 loading class java/util/EnumMap$EntryIterator$Entry
Event: 67.488 loading class java/util/EnumMap$EntryIterator$Entry done


Dynamic libraries:
0x00007ff64bed0000 - 0x00007ff64beda000 	C:\Program Files\Android\Android Studio\jbr\bin\java.exe
0x00007ff9052b0000 - 0x00007ff9054a8000 	C:\Windows\SYSTEM32\ntdll.dll
0x00007ff903fc0000 - 0x00007ff90407d000 	C:\Windows\System32\KERNEL32.DLL
0x00007ff902a40000 - 0x00007ff902d36000 	C:\Windows\System32\KERNELBASE.dll
0x00007ff9031e0000 - 0x00007ff9032e0000 	C:\Windows\System32\ucrtbase.dll
0x00007ff8ef680000 - 0x00007ff8ef697000 	C:\Program Files\Android\Android Studio\jbr\bin\jli.dll
0x00007ff903310000 - 0x00007ff9034ae000 	C:\Windows\System32\USER32.dll
0x00007ff9032e0000 - 0x00007ff903302000 	C:\Windows\System32\win32u.dll
0x00007ff903910000 - 0x00007ff90393c000 	C:\Windows\System32\GDI32.dll
0x00007ff902d40000 - 0x00007ff902e5a000 	C:\Windows\System32\gdi32full.dll
0x00007ff902fb0000 - 0x00007ff90304d000 	C:\Windows\System32\msvcp_win.dll
0x00007ff8ee490000 - 0x00007ff8ee4ab000 	C:\Program Files\Android\Android Studio\jbr\bin\VCRUNTIME140.dll
0x00007ff8f00e0000 - 0x00007ff8f037a000 	C:\Windows\WinSxS\amd64_microsoft.windows.common-controls_6595b64144ccf1df_6.0.19041.1110_none_60b5254171f9507e\COMCTL32.dll
0x00007ff903e50000 - 0x00007ff903eee000 	C:\Windows\System32\msvcrt.dll
0x00007ff905080000 - 0x00007ff9050b0000 	C:\Windows\System32\IMM32.DLL
0x00007ff8fe010000 - 0x00007ff8fe01c000 	C:\Program Files\Android\Android Studio\jbr\bin\vcruntime140_1.dll
0x00007ff8ee400000 - 0x00007ff8ee48d000 	C:\Program Files\Android\Android Studio\jbr\bin\msvcp140.dll
0x00007ff8c9f90000 - 0x00007ff8cabfe000 	C:\Program Files\Android\Android Studio\jbr\bin\server\jvm.dll
0x00007ff903f00000 - 0x00007ff903fae000 	C:\Windows\System32\ADVAPI32.dll
0x00007ff9051b0000 - 0x00007ff90524c000 	C:\Windows\System32\sechost.dll
0x00007ff9034b0000 - 0x00007ff9035d6000 	C:\Windows\System32\RPCRT4.dll
0x00007ff8f4510000 - 0x00007ff8f4519000 	C:\Windows\SYSTEM32\WSOCK32.dll
0x00007ff905140000 - 0x00007ff9051ab000 	C:\Windows\System32\WS2_32.dll
0x00007ff8e3670000 - 0x00007ff8e3697000 	C:\Windows\SYSTEM32\WINMM.dll
0x00007ff8fa220000 - 0x00007ff8fa22a000 	C:\Windows\SYSTEM32\VERSION.dll
0x00007ff9011b0000 - 0x00007ff9011c2000 	C:\Windows\SYSTEM32\kernel.appcore.dll
0x00007ff8f4490000 - 0x00007ff8f449a000 	C:\Program Files\Android\Android Studio\jbr\bin\jimage.dll
0x00007ff9005c0000 - 0x00007ff9007a4000 	C:\Windows\SYSTEM32\DBGHELP.DLL
0x00007ff8e8ad0000 - 0x00007ff8e8b04000 	C:\Windows\SYSTEM32\dbgcore.DLL
0x00007ff902e60000 - 0x00007ff902ee2000 	C:\Windows\System32\bcryptPrimitives.dll
0x00007ff8f4460000 - 0x00007ff8f4485000 	C:\Program Files\Android\Android Studio\jbr\bin\java.dll
0x00007ff8f0600000 - 0x00007ff8f0618000 	C:\Program Files\Android\Android Studio\jbr\bin\zip.dll
0x00007ff904670000 - 0x00007ff904db5000 	C:\Windows\System32\SHELL32.dll
0x00007ff900a00000 - 0x00007ff90119b000 	C:\Windows\SYSTEM32\windows.storage.dll
0x00007ff903940000 - 0x00007ff903c94000 	C:\Windows\System32\combase.dll
0x00007ff902360000 - 0x00007ff90238e000 	C:\Windows\SYSTEM32\Wldp.dll
0x00007ff9045c0000 - 0x00007ff90466d000 	C:\Windows\System32\SHCORE.dll
0x00007ff903d90000 - 0x00007ff903de5000 	C:\Windows\System32\shlwapi.dll
0x00007ff9028c0000 - 0x00007ff9028e5000 	C:\Windows\SYSTEM32\profapi.dll
0x00007ff8f0550000 - 0x00007ff8f0569000 	C:\Program Files\Android\Android Studio\jbr\bin\net.dll
0x00007ff8f2b80000 - 0x00007ff8f2c8a000 	C:\Windows\SYSTEM32\WINHTTP.dll
0x00007ff902060000 - 0x00007ff9020ca000 	C:\Windows\system32\mswsock.dll
0x00007ff8f04d0000 - 0x00007ff8f04e6000 	C:\Program Files\Android\Android Studio\jbr\bin\nio.dll
0x00007ff8f4450000 - 0x00007ff8f4460000 	C:\Program Files\Android\Android Studio\jbr\bin\verify.dll
0x00007ff8ee3d0000 - 0x00007ff8ee3f7000 	C:\Users\micro\.gradle\native\e1d6ef7f7dcc3fd88c89a11ec53ec762bb8ba0a96d01ffa2cd45eb1d1d8dd5c5\windows-amd64\native-platform.dll
0x00007ff8c7bd0000 - 0x00007ff8c7d14000 	C:\Users\micro\.gradle\native\0d407fdbe67a94daf76414ababcb853783967236a71b16ec16e742cd7a986fd3\windows-amd64\native-platform-file-events.dll
0x00007ff8f4380000 - 0x00007ff8f4389000 	C:\Program Files\Android\Android Studio\jbr\bin\management.dll
0x00007ff8f05f0000 - 0x00007ff8f05fb000 	C:\Program Files\Android\Android Studio\jbr\bin\management_ext.dll
0x00007ff903ef0000 - 0x00007ff903ef8000 	C:\Windows\System32\PSAPI.DLL
0x00007ff902250000 - 0x00007ff902268000 	C:\Windows\SYSTEM32\CRYPTSP.dll
0x00007ff901970000 - 0x00007ff9019a4000 	C:\Windows\system32\rsaenh.dll
0x00007ff903050000 - 0x00007ff903077000 	C:\Windows\System32\bcrypt.dll
0x00007ff902880000 - 0x00007ff9028ae000 	C:\Windows\SYSTEM32\USERENV.dll
0x00007ff902270000 - 0x00007ff90227c000 	C:\Windows\SYSTEM32\CRYPTBASE.dll
0x00007ff901d50000 - 0x00007ff901d8b000 	C:\Windows\SYSTEM32\IPHLPAPI.DLL
0x00007ff903ca0000 - 0x00007ff903ca8000 	C:\Windows\System32\NSI.dll
0x00007ff8f83d0000 - 0x00007ff8f83e7000 	C:\Windows\SYSTEM32\dhcpcsvc6.DLL
0x00007ff8f83b0000 - 0x00007ff8f83cd000 	C:\Windows\SYSTEM32\dhcpcsvc.DLL
0x00007ff901d90000 - 0x00007ff901e5a000 	C:\Windows\SYSTEM32\DNSAPI.dll
0x00007ff8efed0000 - 0x00007ff8efed7000 	C:\Windows\system32\wshunix.dll

dbghelp: loaded successfully - version: 4.0.5 - missing functions: none
symbol engine: initialized successfully - sym options: 0x614 - pdb path: .;C:\Program Files\Android\Android Studio\jbr\bin;C:\Windows\SYSTEM32;C:\Windows\WinSxS\amd64_microsoft.windows.common-controls_6595b64144ccf1df_6.0.19041.1110_none_60b5254171f9507e;C:\Program Files\Android\Android Studio\jbr\bin\server;C:\Users\micro\.gradle\native\e1d6ef7f7dcc3fd88c89a11ec53ec762bb8ba0a96d01ffa2cd45eb1d1d8dd5c5\windows-amd64;C:\Users\micro\.gradle\native\0d407fdbe67a94daf76414ababcb853783967236a71b16ec16e742cd7a986fd3\windows-amd64

VM Arguments:
jvm_args: --add-opens=java.base/java.util=ALL-UNNAMED --add-opens=java.base/java.lang=ALL-UNNAMED --add-opens=java.base/java.lang.invoke=ALL-UNNAMED --add-opens=java.base/java.util=ALL-UNNAMED --add-opens=java.prefs/java.util.prefs=ALL-UNNAMED --add-opens=java.prefs/java.util.prefs=ALL-UNNAMED --add-opens=java.base/java.nio.charset=ALL-UNNAMED --add-opens=java.base/java.net=ALL-UNNAMED --add-opens=java.base/java.util.concurrent.atomic=ALL-UNNAMED -Xmx1536M -Dfile.encoding=windows-1252 -Duser.country=IN -Duser.language=en -Duser.variant 
java_command: org.gradle.launcher.daemon.bootstrap.GradleDaemon 7.5
java_class_path (initial): C:\Users\micro\.gradle\wrapper\dists\gradle-7.5-all\6qsw290k5lz422uaf8jf6m7co\gradle-7.5\lib\gradle-launcher-7.5.jar
Launcher Type: SUN_STANDARD

[Global flags]
     intx CICompilerCount                          = 3                                         {product} {ergonomic}
     uint ConcGCThreads                            = 1                                         {product} {ergonomic}
     uint G1ConcRefinementThreads                  = 4                                         {product} {ergonomic}
   size_t G1HeapRegionSize                         = 1048576                                   {product} {ergonomic}
    uintx GCDrainStackTargetSize                   = 64                                        {product} {ergonomic}
   size_t InitialHeapSize                          = 132120576                                 {product} {ergonomic}
   size_t MarkStackSize                            = 4194304                                   {product} {ergonomic}
   size_t MaxHeapSize                              = 1610612736                                {product} {command line}
   size_t MaxNewSize                               = 965738496                                 {product} {ergonomic}
   size_t MinHeapDeltaBytes                        = 1048576                                   {product} {ergonomic}
   size_t MinHeapSize                              = 8388608                                   {product} {ergonomic}
    uintx NonNMethodCodeHeapSize                   = 5832780                                {pd product} {ergonomic}
    uintx NonProfiledCodeHeapSize                  = 122912730                              {pd product} {ergonomic}
    uintx ProfiledCodeHeapSize                     = 122912730                              {pd product} {ergonomic}
    uintx ReservedCodeCacheSize                    = 251658240                              {pd product} {ergonomic}
     bool SegmentedCodeCache                       = true                                      {product} {ergonomic}
   size_t SoftMaxHeapSize                          = 1610612736                             {manageable} {ergonomic}
     bool UseCompressedClassPointers               = true                           {product lp64_product} {ergonomic}
     bool UseCompressedOops                        = true                           {product lp64_product} {ergonomic}
     bool UseG1GC                                  = true                                      {product} {ergonomic}
     bool UseLargePagesIndividualAllocation        = false                                  {pd product} {ergonomic}

Logging:
Log output configuration:
 #0: stdout all=warning uptime,level,tags
 #1: stderr all=off uptime,level,tags

Environment Variables:
JAVA_HOME=C:\Program Files\Android\Android Studio\jbr
CLASSPATH=E:\cameraapp\android\\gradle\wrapper\gradle-wrapper.jar
PATH=C:\Program Files\Android\Android Studio\jbr\bin;C:\Windows\system32;C:\Windows;C:\Windows\System32\Wbem;C:\Windows\System32\WindowsPowerShell\v1.0\;C:\Windows\System32\OpenSSH\;C:\Program Files\Microsoft SQL Server\150\Tools\Binn\;C:\Program Files\dotnet\;C:\Program Files (x86)\Windows Kits\10\Windows Performance Toolkit\;D:\Git\cmd;C:\Users\micro\AppData\Local\Microsoft\WindowsApps;C:\Users\micro\Desktop\Microsoft VS Code\bin;E:\extracted files\flutter\bin;C:\Users\micro\.dotnet\tools;D:\git;Downloads;;E:\extracted files\flutter\bin\mingit\cmd
USERNAME=micro
OS=Windows_NT
PROCESSOR_IDENTIFIER=Intel64 Family 6 Model 126 Stepping 5, GenuineIntel
TMP=C:\Users\micro\AppData\Local\Temp
TEMP=C:\Users\micro\AppData\Local\Temp


JNI global refs:
JNI global refs: 24, weak refs: 0

JNI global refs memory usage: 843, weak refs: 841


---------------  S Y S T E M  ---------------

OS:
 Windows 10 , 64 bit Build 19041 (10.0.19041.3393)
OS uptime: 0 days 4:16 hours

CPU: total 4 (initial active 4) (2 cores per cpu, 2 threads per core) family 6 model 126 stepping 5 microcode 0xa0, cx8, cmov, fxsr, ht, mmx, 3dnowpref, sse, sse2, sse3, ssse3, sse4.1, sse4.2, popcnt, lzcnt, tsc, tscinvbit, avx, avx2, aes, erms, clmul, bmi1, bmi2, adx, avx512f, avx512dq, avx512cd, avx512bw, avx512vl, sha, fma, vzeroupper, avx512_vpopcntdq, avx512_vpclmulqdq, avx512_vaes, avx512_vnni, clflush, clflushopt, avx512_vbmi2, avx512_vbmi

Memory: 4k page, system-wide physical 7997M (485M free)
TotalPageFile size 20500M (AvailPageFile size 5130M)
current process WorkingSet (physical memory assigned to process): 304M, peak: 304M
current process commit charge ("private bytes"): 427M, peak: 427M

vm_info: OpenJDK 64-Bit Server VM (17.0.6+0-b2043.56-10027231) for windows-amd64 JRE (17.0.6+0-b2043.56-10027231), built on Apr 28 2023 00:43:19 by "androidbuild" with MS VC++ 16.10 / 16.11 (VS2019)

END.
